Using pre-set license
Built from '2022.2/release' branch; Version is '2022.2.2f1 (c93c5d3acf5b) revision 13188189'; Using compiler version '192829333'; Build Type 'Release'
OS: 'Windows 11  (10.0.22621) 64bit CoreSingleLanguage' Language: 'en' Physical Memory: 15789 MB
BatchMode: 1, IsHumanControllingUs: 0, StartBugReporterOnCrash: 0, Is64bit: 1, IsPro: 1

COMMAND LINE ARGUMENTS:
C:\Program Files\Unity\Hub\Editor\2022.2.2f1\Editor\Unity.exe
-adb2
-batchMode
-noUpm
-name
AssetImportWorker4
-projectPath
C:/Users/ASUS/Documents/School/ANDGPRG/Ex1_ANDGPRG_DelosReyes
-logFile
Logs/AssetImportWorker4.log
-srvPort
60704
Successfully changed project path to: C:/Users/ASUS/Documents/School/ANDGPRG/Ex1_ANDGPRG_DelosReyes
C:/Users/ASUS/Documents/School/ANDGPRG/Ex1_ANDGPRG_DelosReyes
[UnityMemory] Configuration Parameters - Can be set up in boot.config
    "memorysetup-bucket-allocator-granularity=16"
    "memorysetup-bucket-allocator-bucket-count=8"
    "memorysetup-bucket-allocator-block-size=33554432"
    "memorysetup-bucket-allocator-block-count=8"
    "memorysetup-main-allocator-block-size=16777216"
    "memorysetup-thread-allocator-block-size=16777216"
    "memorysetup-gfx-main-allocator-block-size=16777216"
    "memorysetup-gfx-thread-allocator-block-size=16777216"
    "memorysetup-cache-allocator-block-size=4194304"
    "memorysetup-typetree-allocator-block-size=2097152"
    "memorysetup-profiler-bucket-allocator-granularity=16"
    "memorysetup-profiler-bucket-allocator-bucket-count=8"
    "memorysetup-profiler-bucket-allocator-block-size=33554432"
    "memorysetup-profiler-bucket-allocator-block-count=8"
    "memorysetup-profiler-allocator-block-size=16777216"
    "memorysetup-profiler-editor-allocator-block-size=1048576"
    "memorysetup-temp-allocator-size-main=16777216"
    "memorysetup-job-temp-allocator-block-size=2097152"
    "memorysetup-job-temp-allocator-block-size-background=1048576"
    "memorysetup-job-temp-allocator-reduction-small-platforms=262144"
    "memorysetup-temp-allocator-size-background-worker=32768"
    "memorysetup-temp-allocator-size-job-worker=262144"
    "memorysetup-temp-allocator-size-preload-manager=33554432"
    "memorysetup-temp-allocator-size-nav-mesh-worker=65536"
    "memorysetup-temp-allocator-size-audio-worker=65536"
    "memorysetup-temp-allocator-size-cloud-worker=32768"
    "memorysetup-temp-allocator-size-gi-baking-worker=262144"
    "memorysetup-temp-allocator-size-gfx=262144"
Player connection [17576] Host "[IP] 192.168.1.22 [Port] 0 [Flags] 2 [Guid] 784085673 [EditorId] 784085673 [Version] 1048832 [Id] WindowsEditor(7,MatthewsLaptop) [Debug] 1 [PackageName] WindowsEditor [ProjectName] Editor" joined multi-casting on [225.0.0.222:54997]...

Player connection [17576] Host "[IP] 192.168.1.22 [Port] 0 [Flags] 2 [Guid] 784085673 [EditorId] 784085673 [Version] 1048832 [Id] WindowsEditor(7,MatthewsLaptop) [Debug] 1 [PackageName] WindowsEditor [ProjectName] Editor" joined alternative multi-casting on [225.0.0.222:34997]...

Refreshing native plugins compatible for Editor in 15.11 ms, found 3 plugins.
Preloading 0 native plugins for Editor in 0.00 ms.
Initialize engine version: 2022.2.2f1 (c93c5d3acf5b)
[Subsystems] Discovering subsystems at path C:/Program Files/Unity/Hub/Editor/2022.2.2f1/Editor/Data/Resources/UnitySubsystems
[Subsystems] Discovering subsystems at path C:/Users/ASUS/Documents/School/ANDGPRG/Ex1_ANDGPRG_DelosReyes/Assets
GfxDevice: creating device client; threaded=0; jobified=0
Direct3D:
    Version:  Direct3D 11.0 [level 11.1]
    Renderer: NVIDIA GeForce RTX 2060 with Max-Q Design (ID=0x1f12)
    Vendor:   NVIDIA
    VRAM:     5968 MB
    Driver:   31.0.15.2802
Initialize mono
Mono path[0] = 'C:/Program Files/Unity/Hub/Editor/2022.2.2f1/Editor/Data/Managed'
Mono path[1] = 'C:/Program Files/Unity/Hub/Editor/2022.2.2f1/Editor/Data/MonoBleedingEdge/lib/mono/unityjit-win32'
Mono config path = 'C:/Program Files/Unity/Hub/Editor/2022.2.2f1/Editor/Data/MonoBleedingEdge/etc'
Using monoOptions --debugger-agent=transport=dt_socket,embedding=1,server=y,suspend=n,address=127.0.0.1:56540
Begin MonoManager ReloadAssembly
Registering precompiled unity dll's ...
Register platform support module: C:/Program Files/Unity/Hub/Editor/2022.2.2f1/Editor/Data/PlaybackEngines/WindowsStandaloneSupport/UnityEditor.WindowsStandalone.Extensions.dll
Registered in 0.010332 seconds.
- Loaded All Assemblies, in  0.402 seconds
Native extension for WindowsStandalone target not found
Mono: successfully reloaded assembly
- Finished resetting the current domain, in  0.263 seconds
Domain Reload Profiling:
	ReloadAssembly (268ms)
		BeginReloadAssembly (118ms)
			ExecutionOrderSort (0ms)
			DisableScriptedObjects (0ms)
			BackupInstance (0ms)
			ReleaseScriptingObjects (0ms)
			CreateAndSetChildDomain (1ms)
		LoadAllAssembliesAndSetupDomain (0ms)
			LoadAssemblies (113ms)
			RebuildTransferFunctionScriptingTraits (0ms)
			SetupTypeCache (123ms)
				TypeCache.Initialize (122ms)
					TypeCache.ScanAssembly (121ms)
				ResolveRequiredComponents (0ms)
		FinalizeReload (0ms)
			ReleaseScriptCaches (0ms)
			RebuildScriptCaches (0ms)
			SetupLoadedEditorAssemblies (204ms)
				LogAssemblyErrors (0ms)
				InitializePlatformSupportModulesInManaged (10ms)
				SetLoadedEditorAssemblies (7ms)
				RefreshPlugins (0ms)
				BeforeProcessingInitializeOnLoad (1ms)
				ProcessInitializeOnLoadAttributes (135ms)
				ProcessInitializeOnLoadMethodAttributes (51ms)
				AfterProcessingInitializeOnLoad (0ms)
				EditorAssembliesLoaded (0ms)
			ExecutionOrderSort2 (0ms)
			AwakeInstancesAfterBackupRestoration (0ms)
========================================================================
Worker process is ready to serve import requests
Begin MonoManager ReloadAssembly
Symbol file LoadedFromMemory doesn't match image C:\Users\ASUS\Documents\School\ANDGPRG\Ex1_ANDGPRG_DelosReyes\Library\PackageCache\com.unity.visualscripting@1.8.0\Editor\VisualScripting.Core\Dependencies\YamlDotNet\Unity.VisualScripting.YamlDotNet.dll
Symbol file LoadedFromMemory doesn't match image C:\Users\ASUS\Documents\School\ANDGPRG\Ex1_ANDGPRG_DelosReyes\Library\PackageCache\com.unity.visualscripting@1.8.0\Editor\VisualScripting.Core\Dependencies\DotNetZip\Unity.VisualScripting.IonicZip.dll
- Loaded All Assemblies, in  0.796 seconds
Refreshing native plugins compatible for Editor in 5.27 ms, found 3 plugins.
Native extension for WindowsStandalone target not found
Mono: successfully reloaded assembly
- Finished resetting the current domain, in  0.531 seconds
Domain Reload Profiling:
	ReloadAssembly (226ms)
		BeginReloadAssembly (125ms)
			ExecutionOrderSort (0ms)
			DisableScriptedObjects (5ms)
			BackupInstance (0ms)
			ReleaseScriptingObjects (0ms)
			CreateAndSetChildDomain (25ms)
		LoadAllAssembliesAndSetupDomain (565ms)
			LoadAssemblies (93ms)
			RebuildTransferFunctionScriptingTraits (0ms)
			SetupTypeCache (523ms)
				TypeCache.Initialize (280ms)
					TypeCache.ScanAssembly (276ms)
				ResolveRequiredComponents (4ms)
		FinalizeReload (0ms)
			ReleaseScriptCaches (0ms)
			RebuildScriptCaches (0ms)
			SetupLoadedEditorAssemblies (381ms)
				LogAssemblyErrors (0ms)
				InitializePlatformSupportModulesInManaged (8ms)
				SetLoadedEditorAssemblies (8ms)
				RefreshPlugins (0ms)
				BeforeProcessingInitializeOnLoad (71ms)
				ProcessInitializeOnLoadAttributes (258ms)
				ProcessInitializeOnLoadMethodAttributes (25ms)
				AfterProcessingInitializeOnLoad (10ms)
				EditorAssembliesLoaded (0ms)
			ExecutionOrderSort2 (0ms)
			AwakeInstancesAfterBackupRestoration (6ms)
Launched and connected shader compiler UnityShaderCompiler.exe after 0.08 seconds
Refreshing native plugins compatible for Editor in 5.17 ms, found 3 plugins.
Preloading 0 native plugins for Editor in 0.00 ms.
Unloading 3393 Unused Serialized files (Serialized files now loaded: 0)
Unloading 26 unused Assets / (67.9 KB). Loaded Objects now: 3854.
Memory consumption went from 0.51 GB to 0.51 GB.
Total: 3.116200 ms (FindLiveObjects: 0.334200 ms CreateObjectMapping: 0.094500 ms MarkObjects: 2.587900 ms  DeleteObjects: 0.098400 ms)

AssetImportParameters requested are different than current active one (requested -> active):
  custom:container-demuxer-ogg: 62fdf1f143b41e24485cea50d1cbac27 -> 
  custom:video-codec-MediaFoundation-h265: 746d11721c4dcdbdad8f713fa42b33f4 -> 
  custom:video-decoder-ogg-theora: a1e56fd34408186e4bbccfd4996cb3dc -> 
  custom:framework-win-MediaFoundation: 216162199b28c13a410421893ffa2e32 -> 
  custom:container-demuxer-webm: 4f35f7cbe854078d1ac9338744f61a02 -> 
  custom:container-muxer-webm: aa71ff27fc2769a1b78a27578f13a17b -> 
  custom:video-decoder-webm-vp8: 9c59270c3fd7afecdb556c50c9e8de78 -> 
  custom:AudioImporter_EditorPlatform: d09bf68614088b80899f8185d706f6e7 -> 
  custom:video-encoder-webm-vp8: eb34c28f22e8b96e1ab97ce403110664 -> 
  custom:audio-decoder-ogg-vorbis: bf7c407c2cedff20999df2af8eb42d56 -> 
  custom:audio-encoder-webm-vorbis: bf7c407c2cedff20999df2af8eb42d56 -> 
========================================================================
Received Import Request.
  Time since last request: 3009.911738 seconds.
  path: Assets/StarSparrow/Prefabs/Examples
  artifactKey: Guid(9034f6cf9057b244784147b5f4bc49c3) Importer(815301076,1909f56bfc062723c751e8b465ee728b)
Number of updated assets reloaded before import = 0
Start importing Assets/StarSparrow/Prefabs/Examples using Guid(9034f6cf9057b244784147b5f4bc49c3) Importer(815301076,1909f56bfc062723c751e8b465ee728b)  -> (artifact id: '8845be86aff1da0df9d0245285735ba4') in 0.008829 seconds 
Number of asset objects unloaded after import = 0
========================================================================
Received Import Request.
  Time since last request: 0.018903 seconds.
  path: Assets/StarSparrow/Prefabs/Examples/StarSparrow1.prefab
  artifactKey: Guid(f805c7b2f982faf43833878e4f22ae2a) Importer(815301076,1909f56bfc062723c751e8b465ee728b)
Number of updated assets reloaded before import = 0
Start importing Assets/StarSparrow/Prefabs/Examples/StarSparrow1.prefab using Guid(f805c7b2f982faf43833878e4f22ae2a) Importer(815301076,1909f56bfc062723c751e8b465ee728b)  -> (artifact id: '75f0d87417bf97bd90cd69a2906b3139') in 0.319402 seconds 
Number of asset objects unloaded after import = 110
========================================================================
Received Import Request.
  Time since last request: 0.000043 seconds.
  path: Assets/StarSparrow/Prefabs/Examples/StarSparrow19.prefab
  artifactKey: Guid(ba40a60074a505d48b216ebc896c5ca0) Importer(815301076,1909f56bfc062723c751e8b465ee728b)
Number of updated assets reloaded before import = 0
Start importing Assets/StarSparrow/Prefabs/Examples/StarSparrow19.prefab using Guid(ba40a60074a505d48b216ebc896c5ca0) Importer(815301076,1909f56bfc062723c751e8b465ee728b)  -> (artifact id: 'f1031c99c7e7c8f73cbf12058401f9d5') in 0.102472 seconds 
Number of asset objects unloaded after import = 65
========================================================================
Received Import Request.
  Time since last request: 0.000045 seconds.
  path: Assets/StarSparrow/Prefabs/Examples/StarSparrow5.prefab
  artifactKey: Guid(4d54efa43b03b1845b929768cf25e790) Importer(815301076,1909f56bfc062723c751e8b465ee728b)
Number of updated assets reloaded before import = 0
Start importing Assets/StarSparrow/Prefabs/Examples/StarSparrow5.prefab using Guid(4d54efa43b03b1845b929768cf25e790) Importer(815301076,1909f56bfc062723c751e8b465ee728b)  -> (artifact id: '3f36d92ea1d10f40c2cc3b3fc3dfa39d') in 0.106165 seconds 
Number of asset objects unloaded after import = 83
========================================================================
Received Import Request.
  Time since last request: 0.000053 seconds.
  path: Assets/StarSparrow/Prefabs/Examples/StarSparrow7.prefab
  artifactKey: Guid(c79905ec17c169a49b75177b6cf0d524) Importer(815301076,1909f56bfc062723c751e8b465ee728b)
Number of updated assets reloaded before import = 0
Start importing Assets/StarSparrow/Prefabs/Examples/StarSparrow7.prefab using Guid(c79905ec17c169a49b75177b6cf0d524) Importer(815301076,1909f56bfc062723c751e8b465ee728b)  -> (artifact id: '06ac37188fbbeb399e5182c46dd2dfd0') in 0.086684 seconds 
Number of asset objects unloaded after import = 74
========================================================================
Received Import Request.
  Time since last request: 2.697121 seconds.
  path: Assets/StarSparrow/Prefabs/Modules
  artifactKey: Guid(abdeca0641625854db9264d6a9fe2324) Importer(815301076,1909f56bfc062723c751e8b465ee728b)
Number of updated assets reloaded before import = 0
Start importing Assets/StarSparrow/Prefabs/Modules using Guid(abdeca0641625854db9264d6a9fe2324) Importer(815301076,1909f56bfc062723c751e8b465ee728b)  -> (artifact id: '253414be9bbb3352c4f8971f319a3ac6') in 0.007653 seconds 
Number of asset objects unloaded after import = 0
========================================================================
Received Import Request.
  Time since last request: 0.065895 seconds.
  path: Assets/StarSparrow/Prefabs/Modules/StarSparrow_Core.prefab
  artifactKey: Guid(328366602c7f9ae4aa29ecb957c7731d) Importer(815301076,1909f56bfc062723c751e8b465ee728b)
Number of updated assets reloaded before import = 0
Start importing Assets/StarSparrow/Prefabs/Modules/StarSparrow_Core.prefab using Guid(328366602c7f9ae4aa29ecb957c7731d) Importer(815301076,1909f56bfc062723c751e8b465ee728b)  -> (artifact id: '70f61aa70699709e8308036ad8bdf737') in 0.288891 seconds 
Number of asset objects unloaded after import = 21
========================================================================
Received Import Request.
  Time since last request: 0.000035 seconds.
  path: Assets/StarSparrow/Prefabs/Modules/StarSparrow_Wing_1_Mirrored.prefab
  artifactKey: Guid(c6b3f5b24fac195409550702e5daa40f) Importer(815301076,1909f56bfc062723c751e8b465ee728b)
Number of updated assets reloaded before import = 0
Start importing Assets/StarSparrow/Prefabs/Modules/StarSparrow_Wing_1_Mirrored.prefab using Guid(c6b3f5b24fac195409550702e5daa40f) Importer(815301076,1909f56bfc062723c751e8b465ee728b)  -> (artifact id: '6173de51ca1df01e150a1b68dececf55') in 0.107001 seconds 
Number of asset objects unloaded after import = 21
========================================================================
Received Import Request.
  Time since last request: 0.000054 seconds.
  path: Assets/StarSparrow/Prefabs/Modules/StarSparrow_Wing_2_Mirrored.prefab
  artifactKey: Guid(68009645f1254634c872da28df04bab8) Importer(815301076,1909f56bfc062723c751e8b465ee728b)
Number of updated assets reloaded before import = 0
Start importing Assets/StarSparrow/Prefabs/Modules/StarSparrow_Wing_2_Mirrored.prefab using Guid(68009645f1254634c872da28df04bab8) Importer(815301076,1909f56bfc062723c751e8b465ee728b)  -> (artifact id: 'bc78647900f9328a33ab489e0f92564a') in 0.083758 seconds 
Number of asset objects unloaded after import = 15
========================================================================
Received Import Request.
  Time since last request: 5.545382 seconds.
  path: Assets/StarSparrow/Meshes
  artifactKey: Guid(611565bb02c30504995c4b3d89bd4e19) Importer(815301076,1909f56bfc062723c751e8b465ee728b)
Number of updated assets reloaded before import = 0
Start importing Assets/StarSparrow/Meshes using Guid(611565bb02c30504995c4b3d89bd4e19) Importer(815301076,1909f56bfc062723c751e8b465ee728b)  -> (artifact id: '0c6aae7a9aecaf83529485c43b83ae4c') in 0.006965 seconds 
Number of asset objects unloaded after import = 0
========================================================================
Received Import Request.
  Time since last request: 0.042307 seconds.
  path: Assets/StarSparrow/Meshes/StarSparrow1.fbx
  artifactKey: Guid(9eafec2478441af418574f3e9e971f8d) Importer(815301076,1909f56bfc062723c751e8b465ee728b)
Number of updated assets reloaded before import = 0
Start importing Assets/StarSparrow/Meshes/StarSparrow1.fbx using Guid(9eafec2478441af418574f3e9e971f8d) Importer(815301076,1909f56bfc062723c751e8b465ee728b)  -> (artifact id: 'c606783d93ad5850f0cfd84f6f480444') in 0.275804 seconds 
Number of asset objects unloaded after import = 7
========================================================================
Received Import Request.
  Time since last request: 0.000027 seconds.
  path: Assets/StarSparrow/Meshes/StarSparrow13.fbx
  artifactKey: Guid(94c6c0903b5d2284fb621d96b5b82262) Importer(815301076,1909f56bfc062723c751e8b465ee728b)
Number of updated assets reloaded before import = 0
Start importing Assets/StarSparrow/Meshes/StarSparrow13.fbx using Guid(94c6c0903b5d2284fb621d96b5b82262) Importer(815301076,1909f56bfc062723c751e8b465ee728b)  -> (artifact id: '502ba3029e49ab7db63e20dd096a2055') in 0.032102 seconds 
Number of asset objects unloaded after import = 7
========================================================================
Received Import Request.
  Time since last request: 0.000039 seconds.
  path: Assets/StarSparrow/Meshes/StarSparrow6.fbx
  artifactKey: Guid(d84ec9911cfe0f142b57114817caaf7d) Importer(815301076,1909f56bfc062723c751e8b465ee728b)
Number of updated assets reloaded before import = 0
Start importing Assets/StarSparrow/Meshes/StarSparrow6.fbx using Guid(d84ec9911cfe0f142b57114817caaf7d) Importer(815301076,1909f56bfc062723c751e8b465ee728b)  -> (artifact id: '90402beab440439a77a2ca375d85df77') in 0.030887 seconds 
Number of asset objects unloaded after import = 7
========================================================================
Received Import Request.
  Time since last request: 0.000028 seconds.
  path: Assets/StarSparrow/Meshes/StarSparrow19.fbx
  artifactKey: Guid(0c96b086dbd8f5647806bfb7ee9b928a) Importer(815301076,1909f56bfc062723c751e8b465ee728b)
Number of updated assets reloaded before import = 0
Start importing Assets/StarSparrow/Meshes/StarSparrow19.fbx using Guid(0c96b086dbd8f5647806bfb7ee9b928a) Importer(815301076,1909f56bfc062723c751e8b465ee728b)  -> (artifact id: '610922b3a4727b174304ac4a24db5c97') in 0.030267 seconds 
Number of asset objects unloaded after import = 7
========================================================================
Received Import Request.
  Time since last request: 0.000032 seconds.
  path: Assets/StarSparrow/Meshes/StarSparrow17.fbx
  artifactKey: Guid(73d017596d90716449488a7d74c0b954) Importer(815301076,1909f56bfc062723c751e8b465ee728b)
Number of updated assets reloaded before import = 0
Start importing Assets/StarSparrow/Meshes/StarSparrow17.fbx using Guid(73d017596d90716449488a7d74c0b954) Importer(815301076,1909f56bfc062723c751e8b465ee728b)  -> (artifact id: 'ff40b1e12337a915e0c0bb947815d311') in 0.023255 seconds 
Number of asset objects unloaded after import = 7
========================================================================
Received Import Request.
  Time since last request: 1.320545 seconds.
  path: Assets/StarSparrow/Materials
  artifactKey: Guid(0cd1c379b1cdb36418f77d020a27acde) Importer(815301076,1909f56bfc062723c751e8b465ee728b)
Number of updated assets reloaded before import = 0
Start importing Assets/StarSparrow/Materials using Guid(0cd1c379b1cdb36418f77d020a27acde) Importer(815301076,1909f56bfc062723c751e8b465ee728b)  -> (artifact id: 'd6b7135cba43bbf9e309ba20212c24a8') in 0.009350 seconds 
Number of asset objects unloaded after import = 0
========================================================================
Received Import Request.
  Time since last request: 0.018422 seconds.
  path: Assets/StarSparrow/Materials/StarSparrow_Blue.mat
  artifactKey: Guid(69d393aa2d52fd34f80a48e88145a81c) Importer(815301076,1909f56bfc062723c751e8b465ee728b)
Number of updated assets reloaded before import = 0
Start importing Assets/StarSparrow/Materials/StarSparrow_Blue.mat using Guid(69d393aa2d52fd34f80a48e88145a81c) Importer(815301076,1909f56bfc062723c751e8b465ee728b)  -> (artifact id: '160130512cb514c4c8b30eec41ad9dc0') in 0.301649 seconds 
Number of asset objects unloaded after import = 5
Editor requested this worker to shutdown with reason: Scaling down because of idle timeout
TcpMessagingSession - receive error: operation aborted. errorcode: 995, details: The I/O operation has been aborted because of either a thread exit or an application request.
AssetImportWorker is now disconnected from the server
Process exiting
Exiting without the bug reporter. Application will terminate with return code 0